           MilkoScan CSV Parser LOG: Created - 30/4/2021 2:00:11 ( - ProLeiT UA)
30/4/2021 2:00:11 - Service : started by dso with interval - 10000ms
      - (EXPORT_SHORT_2.CSV) file observed : start reading 30/4/2021 2:00:11
                - File path : /Users/dso/Dev/PlantiT.Service.MilkoScanCSVParser/Files/CSV Sample/
                - File created : 04/30/2021 01:55:11
                - File modified : 04/30/2021 01:55:11
           - New row added to table tbl_MS_MilkoScanData : id = 1007
30/4/2021 2:02:28 - Service : started by dso with interval - 10000ms
      - (EXPORT_SHORT_2.CSV) file observed : start reading 30/4/2021 2:02:42
                - File path : /Users/dso/Dev/PlantiT.Service.MilkoScanCSVParser/Files/CSV Sample/
                - File created : 04/30/2021 01:55:11
                - File modified : 04/30/2021 01:55:11
           - New row added to table tbl_MS_MilkoScanData : id = 1008
30/4/2021 2:03:31 - Service : started by dso with interval - 10000ms
      - (EXPORT_SHORT_2.CSV) file observed : start reading 30/4/2021 2:03:31
                - File path : /Users/dso/Dev/PlantiT.Service.MilkoScanCSVParser/Files/CSV Sample/
                - File created : 04/30/2021 01:55:11
                - File modified : 04/30/2021 01:55:11
           - New row added to table tbl_MS_MilkoScanData : id = 1009
30/4/2021 2:05:09 - Service : started by dso with interval - 10000ms
      - (EXPORT_SHORT_2.CSV) file observed : start reading 30/4/2021 2:05:09
                - File path : /Users/dso/Dev/PlantiT.Service.MilkoScanCSVParser/Files/CSV Sample/
                - File created : 04/30/2021 01:55:11
                - File modified : 04/30/2021 01:55:11
           - New row added to table tbl_MS_MilkoScanData : id = 1010
           - New samples : Count = 2
           - New row added to table tbl_MS_MilkoScanDataSample : id = 1
                - Sample : data = Молоко 2 гатунок;1678_2;18-04-2021;08:59:58;0034 : Лицензия истекла;34346;;;;;;2.89;3.34;4.35;11.50;;8.03;-0.481;;0.00;0.00;0.00;0.00;0.00;;;;;0.00;0000 : ОК
           - New row added to table tbl_MS_MilkoScanDataSample : id = 2
                - Sample : data = Молоко 2 гатунок;1678_2;18-04-2021;09:59:58;0034 : Лицензия истекла;34346;;;;;;2.89;3.34;4.35;11.50;;8.03;-0.481;;0.00;0.00;0.00;0.00;0.00;;;;;0.00;0000 : ОК
           - File archived : path = /Users/dso/Dev/PlantiT.Service.MilkoScanCSVParser/Files/CSV Sample/Archive/EXPORT_SHORT_2_archive_20210430_020630.csv
      - (EXPORT_SHORT.CSV) file observed : start reading 30/4/2021 2:07:30
                - File path : /Users/dso/Dev/PlantiT.Service.MilkoScanCSVParser/Files/CSV Sample/
                - File created : 04/21/2021 00:44:27
                - File modified : 04/21/2021 00:44:27
           - New row added to table tbl_MS_MilkoScanData : id = 1011
           - New samples : Count = 2
           - New row added to table tbl_MS_MilkoScanDataSample : id = 3
                - Sample : data = Молоко 2 гатунок;1677_2;18-04-2021;08:57:52;0034 : Лицензия истекла;34345;;;;;;3.05;3.65;4.37;12.03;;8.24;-0.488;;0.00;0.00;0.00;0.00;0.00;;;;;0.00;0000 : ОК
           - New row added to table tbl_MS_MilkoScanDataSample : id = 4
                - Sample : data = Молоко 2 гатунок;1679_2;18-04-2021;09:02:14;0034 : Лицензия истекла;34347;;;;;;3.23;3.88;4.50;12.63;;8.57;-0.505;;0.00;0.00;0.00;0.00;0.00;;;;;0.00;0000 : ОК
           - File archived : path = /Users/dso/Dev/PlantiT.Service.MilkoScanCSVParser/Files/CSV Sample/Archive/EXPORT_SHORT_archive_20210430_020955.csv
      - (EXPORT_SHORT_3.CSV) file observed : start reading 30/4/2021 2:11:15
                - File path : /Users/dso/Dev/PlantiT.Service.MilkoScanCSVParser/Files/CSV Sample/
                - File created : 04/30/2021 02:11:05
                - File modified : 04/30/2021 02:11:05
           - New row added to table tbl_MS_MilkoScanData : id = 1012
