           MilkoScan CSV Parser LOG: Created - 22/3/2021 23:44:33 ( - ProLeiT UA)
22/3/2021 23:44:33 - Service : started by dso with interval - 5000ms
      - (MilcoskanData_trash.csv) file observed : start reading 22/3/2021 23:44:35
                - File path : /Users/dso/Dev/PlantiT.Service.MilkoScanCSVParser/Files/CSV Sample/
                - File created : 03/17/2021 13:50:43
                - File modified : 03/17/2021 13:50:43
                - File body : (3/16/2021 10:48:23 AMMilkRaw,Normal,1над,,MSCMars_Kupyansk,91847756,3.33,,3.02,,12.08,,8.60,,-0.508,,9.99,)
22/3/2021 23:46:46 - Service : started by dso with interval - 5000ms
      - (MilcoskanData_trash.csv) file observed : start reading 22/3/2021 23:46:47
                - File path : /Users/dso/Dev/PlantiT.Service.MilkoScanCSVParser/Files/CSV Sample/
                - File created : 03/17/2021 13:50:43
                - File modified : 03/17/2021 13:50:43
                - File body : (3/16/2021 10:48:23 AMMilkRaw,Normal,1над,,MSCMars_Kupyansk,91847756,3.33,,3.02,,12.08,,8.60,,-0.508,,9.99,)
22/3/2021 23:50:13 - Service : started by dso with interval - 5000ms
      - (MilcoskanData_trash.csv) file observed : start reading 22/3/2021 23:50:14
                - File path : /Users/dso/Dev/PlantiT.Service.MilkoScanCSVParser/Files/CSV Sample/
                - File created : 03/17/2021 13:50:43
                - File modified : 03/17/2021 13:50:43
                - File body : (3/16/2021 10:48:23 AMMilkRaw,Normal,1над,,MSCMars_Kupyansk,91847756,3.33,,3.02,,12.08,,8.60,,-0.508,,9.99,)
22/3/2021 23:55:46 - Service : started by dso with interval - 5000ms
22/3/2021 23:58:03 - Service : started by dso with interval - 5000ms
      - (MilcoskanData_trash.csv) file observed : start reading 22/3/2021 23:58:48
                - File path : /Users/dso/Dev/PlantiT.Service.MilkoScanCSVParser/Files/CSV Sample/
                - File created : 03/17/2021 13:50:43
                - File modified : 03/17/2021 13:50:43
                - File body : (3/16/2021 10:48:23 AMMilkRaw,Normal,1над,,MSCMars_Kupyansk,91847756,3.33,,3.02,,12.08,,8.60,,-0.508,,9.99,)
23/3/2021 0:09:59 - Service : started by dso with interval - 5000ms
      - (MilcoskanData_trash.csv) file observed : start reading 23/3/2021 0:10:00
                - File path : /Users/dso/Dev/PlantiT.Service.MilkoScanCSVParser/Files/CSV Sample/
                - File created : 03/17/2021 13:50:43
                - File modified : 03/17/2021 13:50:43
                - File body : (3/16/2021 10:48:23 AMMilkRaw,Normal,1над,,MSCMars_Kupyansk,91847756,3.33,,3.02,,12.08,,8.60,,-0.508,,9.99,)
           - File has wrong structure : will be moved to trash folder
23/3/2021 0:17:29 - Service : started by dso with interval - 5000ms
      - (MilcoskanData_trash.csv) file observed : start reading 23/3/2021 0:17:31
                - File path : /Users/dso/Dev/PlantiT.Service.MilkoScanCSVParser/Files/CSV Sample/
                - File created : 03/17/2021 13:50:43
                - File modified : 03/17/2021 13:50:43
                - File body : (3/16/2021 10:48:23 AMMilkRaw,Normal,1над,,MSCMars_Kupyansk,91847756,3.33,,3.02,,12.08,,8.60,,-0.508,,9.99,)
23/3/2021 0:18:27 - Service : started by dso with interval - 5000ms
      - (MilcoskanData_trash.csv) file observed : start reading 23/3/2021 0:18:28
                - File path : /Users/dso/Dev/PlantiT.Service.MilkoScanCSVParser/Files/CSV Sample/
                - File created : 03/17/2021 13:50:43
                - File modified : 03/17/2021 13:50:43
                - File body : (3/16/2021 10:48:23 AMMilkRaw,Normal,1над,,MSCMars_Kupyansk,91847756,3.33,,3.02,,12.08,,8.60,,-0.508,,9.99,)
           - File has wrong structure : will be moved to trash folder
           - File moved to trash folder : path = /Users/dso/Dev/PlantiT.Service.MilkoScanCSVParser/Files/CSV Sample/Trash/MilcoskanData_trash_trash_20210323_001828.csv
      - (MilcoskanData.csv) file observed : start reading 23/3/2021 0:21:59
                - File path : /Users/dso/Dev/PlantiT.Service.MilkoScanCSVParser/Files/CSV Sample/
                - File created : 03/23/2021 00:21:58
                - File modified : 03/23/2021 00:21:58
                - File body : ()
           - File has wrong structure : will be moved to trash folder
           - File moved to trash folder : path = /Users/dso/Dev/PlantiT.Service.MilkoScanCSVParser/Files/CSV Sample/Trash/MilcoskanData_trash_20210323_002159.csv
      - (MilcoskanData.csv) file observed : start reading 23/3/2021 0:25:23
                - File path : /Users/dso/Dev/PlantiT.Service.MilkoScanCSVParser/Files/CSV Sample/
                - File created : 03/23/2021 00:23:31
                - File modified : 03/23/2021 00:23:31
                - File body : ()
           - File has wrong structure : will be moved to trash folder
           - File moved to trash folder : path = /Users/dso/Dev/PlantiT.Service.MilkoScanCSVParser/Files/CSV Sample/Trash/MilcoskanData_trash_20210323_002523.csv
      - (MilcoskanData.csv) file observed : start reading 23/3/2021 0:28:39
                - File path : /Users/dso/Dev/PlantiT.Service.MilkoScanCSVParser/Files/CSV Sample/
                - File created : 03/16/2021 21:04:30
                - File modified : 03/16/2021 21:04:30
                - File body : (3/16/2021 10:48:23 AM,Молоко test,MilkRaw,Normal,1над,,MSCMars_Kupyansk,91847756,3.33,,3.02,,12.08,,8.60,,-0.508,,9.99,)
23/3/2021 0:30:06 - Service : started by dso with interval - 5000ms
      - (MilcoskanData.csv) file observed : start reading 23/3/2021 0:30:06
                - File path : /Users/dso/Dev/PlantiT.Service.MilkoScanCSVParser/Files/CSV Sample/
                - File created : 03/16/2021 21:04:30
                - File modified : 03/16/2021 21:04:30
                - File body : (3/16/2021 10:48:23 AM,Молоко test,MilkRaw,Normal,1над,,MSCMars_Kupyansk,91847756,3.33,,3.02,,12.08,,8.60,,-0.508,,9.99,)
23/3/2021 0:32:17 - Service : started by dso with interval - 5000ms
      - (MilcoskanData.csv) file observed : start reading 23/3/2021 0:32:17
                - File path : /Users/dso/Dev/PlantiT.Service.MilkoScanCSVParser/Files/CSV Sample/
                - File created : 03/16/2021 21:04:30
                - File modified : 03/16/2021 21:04:30
                - File body : (3/16/2021 10:48:23 AM,Молоко test,MilkRaw,Normal,1над,,MSCMars_Kupyansk,91847756,3.33,,3.02,,12.08,,8.60,,-0.508,,9.99,)
23/3/2021 0:33:51 - Service : started by dso with interval - 5000ms
      - (MilcoskanData.csv) file observed : start reading 23/3/2021 0:33:51
                - File path : /Users/dso/Dev/PlantiT.Service.MilkoScanCSVParser/Files/CSV Sample/
                - File created : 03/16/2021 21:04:30
                - File modified : 03/16/2021 21:04:30
                - File body : (3/16/2021 10:48:23 AM,Молоко test,MilkRaw,Normal,1над,,MSCMars_Kupyansk,91847756,3.33,,3.02,,12.08,,8.60,,-0.508,,9.99,)
23/3/2021 0:34:17 - ERROR - Insert to DB : PlantiT.Service.MilkoScanCSVParser.Services.Repository.WithConnection() experienced a SQL exception (not a timeout)
      - (MilcoskanData.csv) file observed : start reading 23/3/2021 0:34:22
                - File path : /Users/dso/Dev/PlantiT.Service.MilkoScanCSVParser/Files/CSV Sample/
                - File created : 03/16/2021 21:04:30
                - File modified : 03/16/2021 21:04:30
                - File body : (3/16/2021 10:48:23 AM,Молоко test,MilkRaw,Normal,1над,,MSCMars_Kupyansk,91847756,3.33,,3.02,,12.08,,8.60,,-0.508,,9.99,)
23/3/2021 0:36:26 - ERROR - Insert to DB : PlantiT.Service.MilkoScanCSVParser.Services.Repository.WithConnection() experienced a SQL exception (not a timeout)
      - (MilcoskanData.csv) file observed : start reading 23/3/2021 0:36:31
                - File path : /Users/dso/Dev/PlantiT.Service.MilkoScanCSVParser/Files/CSV Sample/
                - File created : 03/16/2021 21:04:30
                - File modified : 03/16/2021 21:04:30
                - File body : (3/16/2021 10:48:23 AM,Молоко test,MilkRaw,Normal,1над,,MSCMars_Kupyansk,91847756,3.33,,3.02,,12.08,,8.60,,-0.508,,9.99,)
           - New row added to table tbl_MS_MilkoScanData : id = 1
23/3/2021 0:40:49 - Service : started by dso with interval - 5000ms
      - (MilcoskanData.csv) file observed : start reading 23/3/2021 0:40:49
                - File path : /Users/dso/Dev/PlantiT.Service.MilkoScanCSVParser/Files/CSV Sample/
                - File created : 03/16/2021 21:04:30
                - File modified : 03/16/2021 21:04:30
                - File body : (3/16/2021 10:48:23 AM,Молоко test,MilkRaw,Normal,1над,,MSCMars_Kupyansk,91847756,3.33,,3.02,,12.08,,8.60,,-0.508,,9.99,)
           - New row added to table tbl_MS_MilkoScanData : id = 2
      - (MilcoskanData.csv) file observed : start reading 23/3/2021 0:40:57
                - File path : /Users/dso/Dev/PlantiT.Service.MilkoScanCSVParser/Files/CSV Sample/
                - File created : 03/16/2021 21:04:30
                - File modified : 03/16/2021 21:04:30
                - File body : (3/16/2021 10:48:23 AM,Молоко test,MilkRaw,Normal,1над,,MSCMars_Kupyansk,91847756,3.33,,3.02,,12.08,,8.60,,-0.508,,9.99,)
           - New row added to table tbl_MS_MilkoScanData : id = 3
      - (MilcoskanData.csv) file observed : start reading 23/3/2021 0:41:02
                - File path : /Users/dso/Dev/PlantiT.Service.MilkoScanCSVParser/Files/CSV Sample/
                - File created : 03/16/2021 21:04:30
                - File modified : 03/16/2021 21:04:30
                - File body : (3/16/2021 10:48:23 AM,Молоко test,MilkRaw,Normal,1над,,MSCMars_Kupyansk,91847756,3.33,,3.02,,12.08,,8.60,,-0.508,,9.99,)
           - New row added to table tbl_MS_MilkoScanData : id = 4
      - (MilcoskanData.csv) file observed : start reading 23/3/2021 0:41:07
                - File path : /Users/dso/Dev/PlantiT.Service.MilkoScanCSVParser/Files/CSV Sample/
                - File created : 03/16/2021 21:04:30
                - File modified : 03/16/2021 21:04:30
                - File body : (3/16/2021 10:48:23 AM,Молоко test,MilkRaw,Normal,1над,,MSCMars_Kupyansk,91847756,3.33,,3.02,,12.08,,8.60,,-0.508,,9.99,)
           - New row added to table tbl_MS_MilkoScanData : id = 5
      - (MilcoskanData.csv) file observed : start reading 23/3/2021 0:41:12
                - File path : /Users/dso/Dev/PlantiT.Service.MilkoScanCSVParser/Files/CSV Sample/
                - File created : 03/16/2021 21:04:30
                - File modified : 03/16/2021 21:04:30
                - File body : (3/16/2021 10:48:23 AM,Молоко test,MilkRaw,Normal,1над,,MSCMars_Kupyansk,91847756,3.33,,3.02,,12.08,,8.60,,-0.508,,9.99,)
           - New row added to table tbl_MS_MilkoScanData : id = 6
      - (MilcoskanData.csv) file observed : start reading 23/3/2021 0:41:17
                - File path : /Users/dso/Dev/PlantiT.Service.MilkoScanCSVParser/Files/CSV Sample/
                - File created : 03/16/2021 21:04:30
                - File modified : 03/16/2021 21:04:30
                - File body : (3/16/2021 10:48:23 AM,Молоко test,MilkRaw,Normal,1над,,MSCMars_Kupyansk,91847756,3.33,,3.02,,12.08,,8.60,,-0.508,,9.99,)
           - New row added to table tbl_MS_MilkoScanData : id = 7
      - (MilcoskanData.csv) file observed : start reading 23/3/2021 0:41:22
                - File path : /Users/dso/Dev/PlantiT.Service.MilkoScanCSVParser/Files/CSV Sample/
                - File created : 03/16/2021 21:04:30
                - File modified : 03/16/2021 21:04:30
                - File body : (3/16/2021 10:48:23 AM,Молоко test,MilkRaw,Normal,1над,,MSCMars_Kupyansk,91847756,3.33,,3.02,,12.08,,8.60,,-0.508,,9.99,)
           - New row added to table tbl_MS_MilkoScanData : id = 8
      - (MilcoskanData.csv) file observed : start reading 23/3/2021 0:41:27
                - File path : /Users/dso/Dev/PlantiT.Service.MilkoScanCSVParser/Files/CSV Sample/
                - File created : 03/16/2021 21:04:30
                - File modified : 03/16/2021 21:04:30
                - File body : (3/16/2021 10:48:23 AM,Молоко test,MilkRaw,Normal,1над,,MSCMars_Kupyansk,91847756,3.33,,3.02,,12.08,,8.60,,-0.508,,9.99,)
           - New row added to table tbl_MS_MilkoScanData : id = 9
      - (MilcoskanData.csv) file observed : start reading 23/3/2021 0:41:32
                - File path : /Users/dso/Dev/PlantiT.Service.MilkoScanCSVParser/Files/CSV Sample/
                - File created : 03/16/2021 21:04:30
                - File modified : 03/16/2021 21:04:30
                - File body : (3/16/2021 10:48:23 AM,Молоко test,MilkRaw,Normal,1над,,MSCMars_Kupyansk,91847756,3.33,,3.02,,12.08,,8.60,,-0.508,,9.99,)
           - New row added to table tbl_MS_MilkoScanData : id = 10
      - (MilcoskanData.csv) file observed : start reading 23/3/2021 0:41:37
                - File path : /Users/dso/Dev/PlantiT.Service.MilkoScanCSVParser/Files/CSV Sample/
                - File created : 03/16/2021 21:04:30
                - File modified : 03/16/2021 21:04:30
                - File body : (3/16/2021 10:48:23 AM,Молоко test,MilkRaw,Normal,1над,,MSCMars_Kupyansk,91847756,3.33,,3.02,,12.08,,8.60,,-0.508,,9.99,)
           - New row added to table tbl_MS_MilkoScanData : id = 11
      - (MilcoskanData.csv) file observed : start reading 23/3/2021 0:41:42
                - File path : /Users/dso/Dev/PlantiT.Service.MilkoScanCSVParser/Files/CSV Sample/
                - File created : 03/16/2021 21:04:30
                - File modified : 03/16/2021 21:04:30
                - File body : (3/16/2021 10:48:23 AM,Молоко test,MilkRaw,Normal,1над,,MSCMars_Kupyansk,91847756,3.33,,3.02,,12.08,,8.60,,-0.508,,9.99,)
           - New row added to table tbl_MS_MilkoScanData : id = 12
      - (MilcoskanData.csv) file observed : start reading 23/3/2021 0:41:47
                - File path : /Users/dso/Dev/PlantiT.Service.MilkoScanCSVParser/Files/CSV Sample/
                - File created : 03/16/2021 21:04:30
                - File modified : 03/16/2021 21:04:30
                - File body : (3/16/2021 10:48:23 AM,Молоко test,MilkRaw,Normal,1над,,MSCMars_Kupyansk,91847756,3.33,,3.02,,12.08,,8.60,,-0.508,,9.99,)
           - New row added to table tbl_MS_MilkoScanData : id = 13
      - (MilcoskanData.csv) file observed : start reading 23/3/2021 0:41:52
                - File path : /Users/dso/Dev/PlantiT.Service.MilkoScanCSVParser/Files/CSV Sample/
                - File created : 03/16/2021 21:04:30
                - File modified : 03/16/2021 21:04:30
                - File body : (3/16/2021 10:48:23 AM,Молоко test,MilkRaw,Normal,1над,,MSCMars_Kupyansk,91847756,3.33,,3.02,,12.08,,8.60,,-0.508,,9.99,)
           - New row added to table tbl_MS_MilkoScanData : id = 14
      - (MilcoskanData.csv) file observed : start reading 23/3/2021 0:41:57
                - File path : /Users/dso/Dev/PlantiT.Service.MilkoScanCSVParser/Files/CSV Sample/
                - File created : 03/16/2021 21:04:30
                - File modified : 03/16/2021 21:04:30
                - File body : (3/16/2021 10:48:23 AM,Молоко test,MilkRaw,Normal,1над,,MSCMars_Kupyansk,91847756,3.33,,3.02,,12.08,,8.60,,-0.508,,9.99,)
           - New row added to table tbl_MS_MilkoScanData : id = 15
      - (MilcoskanData.csv) file observed : start reading 23/3/2021 0:42:02
                - File path : /Users/dso/Dev/PlantiT.Service.MilkoScanCSVParser/Files/CSV Sample/
                - File created : 03/16/2021 21:04:30
                - File modified : 03/16/2021 21:04:30
                - File body : (3/16/2021 10:48:23 AM,Молоко test,MilkRaw,Normal,1над,,MSCMars_Kupyansk,91847756,3.33,,3.02,,12.08,,8.60,,-0.508,,9.99,)
           - New row added to table tbl_MS_MilkoScanData : id = 16
23/3/2021 0:42:43 - Service : started by dso with interval - 5000ms
      - (MilcoskanData.csv) file observed : start reading 23/3/2021 0:42:43
                - File path : /Users/dso/Dev/PlantiT.Service.MilkoScanCSVParser/Files/CSV Sample/
                - File created : 03/16/2021 21:04:30
                - File modified : 03/16/2021 21:04:30
                - File body : (3/16/2021 10:48:23 AM,Молоко test,MilkRaw,Normal,1над,,MSCMars_Kupyansk,91847756,3.33,,3.02,,12.08,,8.60,,-0.508,,9.99,)
           - New row added to table tbl_MS_MilkoScanData : id = 17
           - New row added to table tbl_MS_MilkoScanDataSample : id = 1
           - File archived : path = /Users/dso/Dev/PlantiT.Service.MilkoScanCSVParser/Files/CSV Sample/Archive/MilcoskanData_archive_20210323_004245.csv
      - (MilcoskanData_trash.csv) file observed : start reading 23/3/2021 0:45:06
                - File path : /Users/dso/Dev/PlantiT.Service.MilkoScanCSVParser/Files/CSV Sample/
                - File created : 03/23/2021 00:45:04
                - File modified : 03/23/2021 00:45:04
                - File body : ()
23/3/2021 0:45:06 - ERROR - Insert to DB : Object reference not set to an instance of an object.
           - File has wrong structure : will be moved to trash folder
           - File moved to trash folder : path = /Users/dso/Dev/PlantiT.Service.MilkoScanCSVParser/Files/CSV Sample/Trash/MilcoskanData_trash_trash_20210323_004506.csv
      - (MilcoskanData_trash.csv) file observed : start reading 23/3/2021 0:46:47
                - File path : /Users/dso/Dev/PlantiT.Service.MilkoScanCSVParser/Files/CSV Sample/
                - File created : 03/23/2021 00:46:47
                - File modified : 03/23/2021 00:46:47
                - File body : ()
23/3/2021 0:50:51 - Service : started by dso with interval - 5000ms
      - (MilcoskanData_trash.csv) file observed : start reading 23/3/2021 0:50:52
                - File path : /Users/dso/Dev/PlantiT.Service.MilkoScanCSVParser/Files/CSV Sample/
                - File created : 03/17/2021 13:50:43
                - File modified : 03/17/2021 13:50:43
                - File body : (3/16/2021 10:48:23 AMMilkRaw,Normal,1над,,MSCMars_Kupyansk,91847756,3.33,,3.02,,12.08,,8.60,,-0.508,,9.99,)
           - File has wrong structure : will be moved to trash folder
           - File moved to trash folder : path = /Users/dso/Dev/PlantiT.Service.MilkoScanCSVParser/Files/CSV Sample/Trash/MilcoskanData_trash_trash_20210323_005052.csv
23/3/2021 0:57:34 - Service : started by dso with interval - 5000ms
      - (MilcoskanData_trash.csv) file observed : start reading 23/3/2021 0:57:48
                - File path : /Users/dso/Dev/PlantiT.Service.MilkoScanCSVParser/Files/CSV Sample/
                - File created : 03/17/2021 13:50:43
                - File modified : 03/17/2021 13:50:43
                - File body : (3/16/2021 10:48:23 AMMilkRaw,Normal,1над,,MSCMars_Kupyansk,91847756,3.33,,3.02,,12.08,,8.60,,-0.508,,9.99,)
           - New row added to table tbl_MS_MilkoScanData : id = 19
           - File has wrong structure : will be moved to trash folder
           - File moved to trash folder : path = /Users/dso/Dev/PlantiT.Service.MilkoScanCSVParser/Files/CSV Sample/Trash/MilcoskanData_trash_trash_20210323_005751.csv
      - (Export test milk.csv) file observed : start reading 23/3/2021 0:58:44
                - File path : /Users/dso/Dev/PlantiT.Service.MilkoScanCSVParser/Files/CSV Sample/
                - File created : 03/23/2021 00:58:44
                - File modified : 03/23/2021 00:58:44
                - File body : ()
23/3/2021 0:58:48 - ERROR - Insert to DB : Attempting to cast a DBNull to a non nullable type! Note that out/return parameters will not have updated values until the data stream completes (after the 'foreach' for Query(..., buffered: false), or after the GridReader has been disposed for QueryMultiple)
           - File has wrong structure : will be moved to trash folder
           - File moved to trash folder : path = /Users/dso/Dev/PlantiT.Service.MilkoScanCSVParser/Files/CSV Sample/Trash/Export test milk_trash_20210323_005848.csv
23/3/2021 1:03:40 - Service : started by dso with interval - 5000ms
      - (Export test milk.csv) file observed : start reading 23/3/2021 1:03:52
                - File path : /Users/dso/Dev/PlantiT.Service.MilkoScanCSVParser/Files/CSV Sample/
                - File created : 03/15/2021 12:03:56
                - File modified : 03/15/2021 12:03:56
                - File body : (8/23/2020 10:48:23 AM,Молоко сире,MilkRaw,Normal,1над,,MSCMars_Kupyansk,91847756,3.33,,3.02,,12.08,,8.60,,-0.508,,4.72,)
           - New row added to table tbl_MS_MilkoScanData : id = 21
           - New row added to table tbl_MS_MilkoScanDataSample : id = 1
           - File archived : path = /Users/dso/Dev/PlantiT.Service.MilkoScanCSVParser/Files/CSV Sample/Archive/Export test milk_archive_20210323_010353.csv
      - (MilcoskanData_trash.csv) file observed : start reading 23/3/2021 1:04:19
                - File path : /Users/dso/Dev/PlantiT.Service.MilkoScanCSVParser/Files/CSV Sample/
                - File created : 03/23/2021 01:04:18
                - File modified : 03/23/2021 01:04:18
                - File body : ()
23/3/2021 1:04:22 - ERROR - Insert to DB : Attempting to cast a DBNull to a non nullable type! Note that out/return parameters will not have updated values until the data stream completes (after the 'foreach' for Query(..., buffered: false), or after the GridReader has been disposed for QueryMultiple)
           - File has wrong structure : will be moved to trash folder
           - File moved to trash folder : path = /Users/dso/Dev/PlantiT.Service.MilkoScanCSVParser/Files/CSV Sample/Trash/MilcoskanData_trash_trash_20210323_010422.csv
      - (MilcoskanData_trash.csv) file observed : start reading 23/3/2021 1:05:43
                - File path : /Users/dso/Dev/PlantiT.Service.MilkoScanCSVParser/Files/CSV Sample/
                - File created : 03/23/2021 01:05:43
                - File modified : 03/23/2021 01:05:43
                - File body : ()
23/3/2021 1:09:25 - ERROR - Insert to DB : Attempting to cast a DBNull to a non nullable type! Note that out/return parameters will not have updated values until the data stream completes (after the 'foreach' for Query(..., buffered: false), or after the GridReader has been disposed for QueryMultiple)
           - File has wrong structure : will be moved to trash folder
           - File moved to trash folder : path = /Users/dso/Dev/PlantiT.Service.MilkoScanCSVParser/Files/CSV Sample/Trash/MilcoskanData_trash_trash_20210323_010925.csv
      - (MilcoskanData_trash.csv) file observed : start reading 23/3/2021 1:09:44
                - File path : /Users/dso/Dev/PlantiT.Service.MilkoScanCSVParser/Files/CSV Sample/
                - File created : 03/23/2021 01:09:44
                - File modified : 03/23/2021 01:09:44
                - File body : ()
23/3/2021 1:09:56 - ERROR - Insert to DB : Attempting to cast a DBNull to a non nullable type! Note that out/return parameters will not have updated values until the data stream completes (after the 'foreach' for Query(..., buffered: false), or after the GridReader has been disposed for QueryMultiple)
           - File has wrong structure : will be moved to trash folder
           - File moved to trash folder : path = /Users/dso/Dev/PlantiT.Service.MilkoScanCSVParser/Files/CSV Sample/Trash/MilcoskanData_trash_trash_20210323_010956.csv
      - (MilcoskanData_trash.csv) file observed : start reading 23/3/2021 1:12:11
                - File path : /Users/dso/Dev/PlantiT.Service.MilkoScanCSVParser/Files/CSV Sample/
                - File created : 03/23/2021 01:12:10
                - File modified : 03/23/2021 01:12:10
                - File body : ()
23/3/2021 1:12:14 - ERROR - Insert to DB : Attempting to cast a DBNull to a non nullable type! Note that out/return parameters will not have updated values until the data stream completes (after the 'foreach' for Query(..., buffered: false), or after the GridReader has been disposed for QueryMultiple)
           - File has wrong structure : will be moved to trash folder
           - File moved to trash folder : path = /Users/dso/Dev/PlantiT.Service.MilkoScanCSVParser/Files/CSV Sample/Trash/MilcoskanData_trash_trash_20210323_011214.csv
23/3/2021 1:12:47 - Service : started by dso with interval - 5000ms
      - (MilcoskanData_trash.csv) file observed : start reading 23/3/2021 1:13:46
                - File path : /Users/dso/Dev/PlantiT.Service.MilkoScanCSVParser/Files/CSV Sample/
                - File created : 03/17/2021 13:50:43
                - File modified : 03/17/2021 13:50:43
                - File body : (3/16/2021 10:48:23 AMMilkRaw,Normal,1над,,MSCMars_Kupyansk,91847756,3.33,,3.02,,12.08,,8.60,,-0.508,,9.99,)
           - New row added to table tbl_MS_MilkoScanData : id = 26
           - File has wrong structure : will be moved to trash folder
           - File moved to trash folder : path = /Users/dso/Dev/PlantiT.Service.MilkoScanCSVParser/Files/CSV Sample/Trash/MilcoskanData_trash_trash_20210323_011348.csv
      - (MilcoskanData.csv) file observed : start reading 23/3/2021 1:14:35
                - File path : /Users/dso/Dev/PlantiT.Service.MilkoScanCSVParser/Files/CSV Sample/
                - File created : 03/23/2021 01:14:35
                - File modified : 03/23/2021 01:14:35
                - File body : ()
23/3/2021 1:14:39 - ERROR - Insert to DB : Attempting to cast a DBNull to a non nullable type! Note that out/return parameters will not have updated values until the data stream completes (after the 'foreach' for Query(..., buffered: false), or after the GridReader has been disposed for QueryMultiple)
           - File has wrong structure : will be moved to trash folder
           - File moved to trash folder : path = /Users/dso/Dev/PlantiT.Service.MilkoScanCSVParser/Files/CSV Sample/Trash/MilcoskanData_trash_20210323_011439.csv
      - (MilcoskanData.csv) file observed : start reading 23/3/2021 1:17:45
                - File path : /Users/dso/Dev/PlantiT.Service.MilkoScanCSVParser/Files/CSV Sample/
                - File created : 03/16/2021 21:04:30
                - File modified : 03/16/2021 21:04:30
                - File body : (3/16/2021 10:48:23 AM,Молоко test,MilkRaw,Normal,1над,,MSCMars_Kupyansk,91847756,3.33,,3.02,,12.08,,8.60,,-0.508,,9.99,)
           - New row added to table tbl_MS_MilkoScanData : id = 28
           - New row added to table tbl_MS_MilkoScanDataSample : id = 2
           - File archived : path = /Users/dso/Dev/PlantiT.Service.MilkoScanCSVParser/Files/CSV Sample/Archive/MilcoskanData_archive_20210323_011745.csv
      - (Export test milk.csv) file observed : start reading 23/3/2021 1:18:21
                - File path : /Users/dso/Dev/PlantiT.Service.MilkoScanCSVParser/Files/CSV Sample/
                - File created : 03/23/2021 01:18:21
                - File modified : 03/23/2021 01:18:21
                - File body : ()
23/3/2021 1:18:24 - ERROR - Insert to DB : Attempting to cast a DBNull to a non nullable type! Note that out/return parameters will not have updated values until the data stream completes (after the 'foreach' for Query(..., buffered: false), or after the GridReader has been disposed for QueryMultiple)
           - File has wrong structure : will be moved to trash folder
           - File moved to trash folder : path = /Users/dso/Dev/PlantiT.Service.MilkoScanCSVParser/Files/CSV Sample/Trash/Export test milk_trash_20210323_011824.csv
      - (Export test milk.csv) file observed : start reading 23/3/2021 1:19:12
                - File path : /Users/dso/Dev/PlantiT.Service.MilkoScanCSVParser/Files/CSV Sample/
                - File created : 03/23/2021 01:19:12
                - File modified : 03/23/2021 01:19:12
                - File body : ()
23/3/2021 1:19:16 - ERROR - Insert to DB : Attempting to cast a DBNull to a non nullable type! Note that out/return parameters will not have updated values until the data stream completes (after the 'foreach' for Query(..., buffered: false), or after the GridReader has been disposed for QueryMultiple)
           - File has wrong structure : will be moved to trash folder
           - File moved to trash folder : path = /Users/dso/Dev/PlantiT.Service.MilkoScanCSVParser/Files/CSV Sample/Trash/Export test milk_trash_20210323_011916.csv
      - (MilcoskanData.csv) file observed : start reading 23/3/2021 1:20:31
                - File path : /Users/dso/Dev/PlantiT.Service.MilkoScanCSVParser/Files/CSV Sample/
                - File created : 03/16/2021 21:04:30
                - File modified : 03/16/2021 21:04:30
                - File body : (3/16/2021 10:48:23 AM,Молоко test,MilkRaw,Normal,1над,,MSCMars_Kupyansk,91847756,3.33,,3.02,,12.08,,8.60,,-0.508,,9.99,)
           - New row added to table tbl_MS_MilkoScanData : id = 31
           - New row added to table tbl_MS_MilkoScanDataSample : id = 3
           - File archived : path = /Users/dso/Dev/PlantiT.Service.MilkoScanCSVParser/Files/CSV Sample/Archive/MilcoskanData_archive_20210323_012031.csv
      - (MilcoskanData.csv) file observed : start reading 23/3/2021 1:21:10
                - File path : /Users/dso/Dev/PlantiT.Service.MilkoScanCSVParser/Files/CSV Sample/
                - File created : 03/16/2021 21:04:30
                - File modified : 03/16/2021 21:04:30
                - File body : (3/16/2021 10:48:23 AM,Молоко test,MilkRaw,Normal,1над,,MSCMars_Kupyansk,91847756,3.33,,3.02,,12.08,,8.60,,-0.508,,9.99,)
           - New row added to table tbl_MS_MilkoScanData : id = 32
           - New row added to table tbl_MS_MilkoScanDataSample : id = 4
           - File archived : path = /Users/dso/Dev/PlantiT.Service.MilkoScanCSVParser/Files/CSV Sample/Archive/MilcoskanData_archive_20210323_012110.csv
      - (Export test milk.csv) file observed : start reading 23/3/2021 1:22:08
                - File path : /Users/dso/Dev/PlantiT.Service.MilkoScanCSVParser/Files/CSV Sample/
                - File created : 03/15/2021 12:03:56
                - File modified : 03/15/2021 12:03:56
                - File body : (8/23/2020 10:48:23 AM,Молоко сире,MilkRaw,Normal,1над,,MSCMars_Kupyansk,91847756,3.33,,3.02,,12.08,,8.60,,-0.508,,4.72,)
           - New row added to table tbl_MS_MilkoScanData : id = 33
           - New row added to table tbl_MS_MilkoScanDataSample : id = 5
           - File archived : path = /Users/dso/Dev/PlantiT.Service.MilkoScanCSVParser/Files/CSV Sample/Archive/Export test milk_archive_20210323_012209.csv
      - (MilcoskanData.csv) file observed : start reading 23/3/2021 1:22:33
                - File path : /Users/dso/Dev/PlantiT.Service.MilkoScanCSVParser/Files/CSV Sample/
                - File created : 03/16/2021 21:04:30
                - File modified : 03/16/2021 21:04:30
                - File body : (3/16/2021 10:48:23 AM,Молоко test,MilkRaw,Normal,1над,,MSCMars_Kupyansk,91847756,3.33,,3.02,,12.08,,8.60,,-0.508,,9.99,)
           - New row added to table tbl_MS_MilkoScanData : id = 34
           - New row added to table tbl_MS_MilkoScanDataSample : id = 6
           - File archived : path = /Users/dso/Dev/PlantiT.Service.MilkoScanCSVParser/Files/CSV Sample/Archive/MilcoskanData_archive_20210323_012233.csv
      - (Export test milk.csv) file observed : start reading 23/3/2021 1:22:38
                - File path : /Users/dso/Dev/PlantiT.Service.MilkoScanCSVParser/Files/CSV Sample/
                - File created : 03/15/2021 12:03:56
                - File modified : 03/15/2021 12:03:56
                - File body : (8/23/2020 10:48:23 AM,Молоко сире,MilkRaw,Normal,1над,,MSCMars_Kupyansk,91847756,3.33,,3.02,,12.08,,8.60,,-0.508,,4.72,)
           - New row added to table tbl_MS_MilkoScanData : id = 35
           - New row added to table tbl_MS_MilkoScanDataSample : id = 7
           - File archived : path = /Users/dso/Dev/PlantiT.Service.MilkoScanCSVParser/Files/CSV Sample/Archive/Export test milk_archive_20210323_012238.csv
      - (MilcoskanData.csv) file observed : start reading 23/3/2021 1:22:43
                - File path : /Users/dso/Dev/PlantiT.Service.MilkoScanCSVParser/Files/CSV Sample/
                - File created : 03/16/2021 21:04:30
                - File modified : 03/16/2021 21:04:30
                - File body : (3/16/2021 10:48:23 AM,Молоко test,MilkRaw,Normal,1над,,MSCMars_Kupyansk,91847756,3.33,,3.02,,12.08,,8.60,,-0.508,,9.99,)
           - New row added to table tbl_MS_MilkoScanData : id = 36
           - New row added to table tbl_MS_MilkoScanDataSample : id = 8
           - File archived : path = /Users/dso/Dev/PlantiT.Service.MilkoScanCSVParser/Files/CSV Sample/Archive/MilcoskanData_archive_20210323_012243.csv
      - (Export test milk.csv) file observed : start reading 23/3/2021 1:24:17
                - File path : /Users/dso/Dev/PlantiT.Service.MilkoScanCSVParser/Files/CSV Sample/
                - File created : 03/23/2021 01:23:27
                - File modified : 03/23/2021 01:23:27
                - File body : ()
23/3/2021 1:24:19 - ERROR - Insert to DB : Attempting to cast a DBNull to a non nullable type! Note that out/return parameters will not have updated values until the data stream completes (after the 'foreach' for Query(..., buffered: false), or after the GridReader has been disposed for QueryMultiple)
           - File has wrong structure : will be moved to trash folder
           - File moved to trash folder : path = /Users/dso/Dev/PlantiT.Service.MilkoScanCSVParser/Files/CSV Sample/Trash/Export test milk_trash_20210323_012419.csv
23/3/2021 1:29:23 - Service : started by dso with interval - 5000ms
      - (MilcoskanData.csv) file observed : start reading 23/3/2021 1:29:25
                - File path : /Users/dso/Dev/PlantiT.Service.MilkoScanCSVParser/Files/CSV Sample/
                - File created : 03/16/2021 21:04:30
                - File modified : 03/16/2021 21:04:30
                - File body : (3/16/2021 10:48:23 AM,Молоко test,MilkRaw,Normal,1над,,MSCMars_Kupyansk,91847756,3.33,,3.02,,12.08,,8.60,,-0.508,,9.99,)
           - New row added to table tbl_MS_MilkoScanData : id = 38
           - New row added to table tbl_MS_MilkoScanDataSample : id = 1
           - File archived : path = /Users/dso/Dev/PlantiT.Service.MilkoScanCSVParser/Files/CSV Sample/Archive/MilcoskanData_archive_20210323_012925.csv
      - (Export test milk.csv) file observed : start reading 23/3/2021 1:29:47
                - File path : /Users/dso/Dev/PlantiT.Service.MilkoScanCSVParser/Files/CSV Sample/
                - File created : 03/23/2021 01:29:45
                - File modified : 03/23/2021 01:29:45
                - File body : ()
23/3/2021 1:29:50 - ERROR - Insert to DB : Attempting to cast a DBNull to a non nullable type! Note that out/return parameters will not have updated values until the data stream completes (after the 'foreach' for Query(..., buffered: false), or after the GridReader has been disposed for QueryMultiple)
           - File has wrong structure : will be moved to trash folder
           - File moved to trash folder : path = /Users/dso/Dev/PlantiT.Service.MilkoScanCSVParser/Files/CSV Sample/Trash/Export test milk_trash_20210323_012950.csv
23/3/2021 1:37:54 - Service : started by dso with interval - 5000ms
      - (MilcoskanData.csv) file observed : start reading 23/3/2021 1:38:32
                - File path : /Users/dso/Dev/PlantiT.Service.MilkoScanCSVParser/Files/CSV Sample/
                - File created : 03/16/2021 21:04:30
                - File modified : 03/16/2021 21:04:30
                - File body : (3/16/2021 10:48:23 AM,Молоко test,MilkRaw,Normal,1над,,MSCMars_Kupyansk,91847756,3.33,,3.02,,12.08,,8.60,,-0.508,,9.99,)
           - New row added to table tbl_MS_MilkoScanData : id = 40
           - New row added to table tbl_MS_MilkoScanDataSample : id = 1
           - File archived : path = /Users/dso/Dev/PlantiT.Service.MilkoScanCSVParser/Files/CSV Sample/Archive/MilcoskanData_archive_20210323_013832.csv
      - (Export test milk.csv) file observed : start reading 23/3/2021 1:38:41
                - File path : /Users/dso/Dev/PlantiT.Service.MilkoScanCSVParser/Files/CSV Sample/
                - File created : 03/23/2021 01:38:39
                - File modified : 03/23/2021 01:38:39
                - File body : ()
23/3/2021 1:38:44 - ERROR - Insert to DB : Attempting to cast a DBNull to a non nullable type! Note that out/return parameters will not have updated values until the data stream completes (after the 'foreach' for Query(..., buffered: false), or after the GridReader has been disposed for QueryMultiple)
           - File has wrong structure : will be moved to trash folder
           - File moved to trash folder : path = /Users/dso/Dev/PlantiT.Service.MilkoScanCSVParser/Files/CSV Sample/Trash/Export test milk_trash_20210323_013844.csv
      - (MilcoskanData_trash.csv) file observed : start reading 23/3/2021 1:38:49
                - File path : /Users/dso/Dev/PlantiT.Service.MilkoScanCSVParser/Files/CSV Sample/
                - File created : 03/17/2021 13:50:43
                - File modified : 03/17/2021 13:50:43
                - File body : (3/16/2021 10:48:23 AMMilkRaw,Normal,1над,,MSCMars_Kupyansk,91847756,3.33,,3.02,,12.08,,8.60,,-0.508,,9.99,)
           - New row added to table tbl_MS_MilkoScanData : id = 42
           - File has wrong structure : will be moved to trash folder
           - File moved to trash folder : path = /Users/dso/Dev/PlantiT.Service.MilkoScanCSVParser/Files/CSV Sample/Trash/MilcoskanData_trash_trash_20210323_013849.csv
      - (Export test milk.csv) file observed : start reading 23/3/2021 1:39:41
                - File path : /Users/dso/Dev/PlantiT.Service.MilkoScanCSVParser/Files/CSV Sample/
                - File created : 03/23/2021 01:39:40
                - File modified : 03/23/2021 01:39:40
                - File body : ()
23/3/2021 1:39:44 - ERROR - Insert to DB : Attempting to cast a DBNull to a non nullable type! Note that out/return parameters will not have updated values until the data stream completes (after the 'foreach' for Query(..., buffered: false), or after the GridReader has been disposed for QueryMultiple)
           - File has wrong structure : will be moved to trash folder
           - File moved to trash folder : path = /Users/dso/Dev/PlantiT.Service.MilkoScanCSVParser/Files/CSV Sample/Trash/Export test milk_trash_20210323_013944.csv
23/3/2021 1:43:44 - Service : started by dso with interval - 5000ms
23/3/2021 1:49:02 - Service : started by dso with interval - 5000ms
      - (MilcoskanData.csv) file observed : start reading 23/3/2021 1:49:13
                - File path : /Users/dso/Dev/PlantiT.Service.MilkoScanCSVParser/Files/CSV Sample/
                - File created : 03/16/2021 21:04:30
                - File modified : 03/16/2021 21:04:30
                - File body : (3/16/2021 10:48:23 AM,Молоко test,MilkRaw,Normal,1над,,MSCMars_Kupyansk,91847756,3.33,,3.02,,12.08,,8.60,,-0.508,,9.99,)
           - New row added to table tbl_MS_MilkoScanData : id = 44
           - New row added to table tbl_MS_MilkoScanDataSample : id = 2
           - File archived : path = /Users/dso/Dev/PlantiT.Service.MilkoScanCSVParser/Files/CSV Sample/Archive/MilcoskanData_archive_20210323_014913.csv
      - (MilcoskanData_trash.csv) file observed : start reading 23/3/2021 1:49:26
                - File path : /Users/dso/Dev/PlantiT.Service.MilkoScanCSVParser/Files/CSV Sample/
                - File created : 03/17/2021 13:50:43
                - File modified : 03/17/2021 13:50:43
                - File body : (3/16/2021 10:48:23 AMMilkRaw,Normal,1над,,MSCMars_Kupyansk,91847756,3.33,,3.02,,12.08,,8.60,,-0.508,,9.99,)
           - New row added to table tbl_MS_MilkoScanData : id = 45
           - File has wrong structure : will be moved to trash folder
           - File moved to trash folder : path = /Users/dso/Dev/PlantiT.Service.MilkoScanCSVParser/Files/CSV Sample/Trash/MilcoskanData_trash_trash_20210323_014926.csv
      - (Export test milk.csv) file observed : start reading 23/3/2021 1:50:18
                - File path : /Users/dso/Dev/PlantiT.Service.MilkoScanCSVParser/Files/CSV Sample/
                - File created : 03/15/2021 12:03:56
                - File modified : 03/15/2021 12:03:56
                - File body : (8/23/2020 10:48:23 AM,Молоко сире,MilkRaw,Normal,1над,,MSCMars_Kupyansk,91847756,3.33,,3.02,,12.08,,8.60,,-0.508,,4.72,)
           - New row added to table tbl_MS_MilkoScanData : id = 46
           - New row added to table tbl_MS_MilkoScanDataSample : id = 3
           - File archived : path = /Users/dso/Dev/PlantiT.Service.MilkoScanCSVParser/Files/CSV Sample/Archive/Export test milk_archive_20210323_015018.csv
      - (MilcoskanData.csv) file observed : start reading 23/3/2021 1:50:26
                - File path : /Users/dso/Dev/PlantiT.Service.MilkoScanCSVParser/Files/CSV Sample/
                - File created : 03/16/2021 21:04:30
                - File modified : 03/16/2021 21:04:30
                - File body : (3/16/2021 10:48:23 AM,Молоко test,MilkRaw,Normal,1над,,MSCMars_Kupyansk,91847756,3.33,,3.02,,12.08,,8.60,,-0.508,,9.99,)
           - New row added to table tbl_MS_MilkoScanData : id = 47
           - New row added to table tbl_MS_MilkoScanDataSample : id = 4
           - File archived : path = /Users/dso/Dev/PlantiT.Service.MilkoScanCSVParser/Files/CSV Sample/Archive/MilcoskanData_archive_20210323_015026.csv
      - (MilcoskanData_trash.csv) file observed : start reading 23/3/2021 1:50:46
                - File path : /Users/dso/Dev/PlantiT.Service.MilkoScanCSVParser/Files/CSV Sample/
                - File created : 03/17/2021 13:50:43
                - File modified : 03/17/2021 13:50:43
                - File body : (3/16/2021 10:48:23 AMMilkRaw,Normal,1над,,MSCMars_Kupyansk,91847756,3.33,,3.02,,12.08,,8.60,,-0.508,,9.99,)
           - New row added to table tbl_MS_MilkoScanData : id = 48
           - File has wrong structure : will be moved to trash folder
           - File moved to trash folder : path = /Users/dso/Dev/PlantiT.Service.MilkoScanCSVParser/Files/CSV Sample/Trash/MilcoskanData_trash_trash_20210323_015046.csv
      - (Export test milk.csv) file observed : start reading 23/3/2021 1:51:38
                - File path : /Users/dso/Dev/PlantiT.Service.MilkoScanCSVParser/Files/CSV Sample/
                - File created : 03/15/2021 12:03:56
                - File modified : 03/15/2021 12:03:56
                - File body : (8/23/2020 10:48:23 AM,Молоко сире,MilkRaw,Normal,1над,,MSCMars_Kupyansk,91847756,3.33,,3.02,,12.08,,8.60,,-0.508,,4.72,)
           - New row added to table tbl_MS_MilkoScanData : id = 49
           - New row added to table tbl_MS_MilkoScanDataSample : id = 5
           - File archived : path = /Users/dso/Dev/PlantiT.Service.MilkoScanCSVParser/Files/CSV Sample/Archive/Export test milk_archive_20210323_015139.csv
      - (Export test milk.csv) file observed : start reading 23/3/2021 1:51:52
                - File path : /Users/dso/Dev/PlantiT.Service.MilkoScanCSVParser/Files/CSV Sample/
                - File created : 03/15/2021 12:03:56
                - File modified : 03/15/2021 12:03:56
                - File body : (8/23/2020 10:48:23 AM,Молоко сире,MilkRaw,Normal,1над,,MSCMars_Kupyansk,91847756,3.33,,3.02,,12.08,,8.60,,-0.508,,4.72,)
           - New row added to table tbl_MS_MilkoScanData : id = 50
           - New row added to table tbl_MS_MilkoScanDataSample : id = 6
           - File archived : path = /Users/dso/Dev/PlantiT.Service.MilkoScanCSVParser/Files/CSV Sample/Archive/Export test milk_archive_20210323_015152.csv
      - (MilcoskanData.csv) file observed : start reading 23/3/2021 1:51:57
                - File path : /Users/dso/Dev/PlantiT.Service.MilkoScanCSVParser/Files/CSV Sample/
                - File created : 03/16/2021 21:04:30
                - File modified : 03/16/2021 21:04:30
                - File body : (3/16/2021 10:48:23 AM,Молоко test,MilkRaw,Normal,1над,,MSCMars_Kupyansk,91847756,3.33,,3.02,,12.08,,8.60,,-0.508,,9.99,)
           - New row added to table tbl_MS_MilkoScanData : id = 51
           - New row added to table tbl_MS_MilkoScanDataSample : id = 7
           - File archived : path = /Users/dso/Dev/PlantiT.Service.MilkoScanCSVParser/Files/CSV Sample/Archive/MilcoskanData_archive_20210323_015157.csv
      - (Export test milk.csv) file observed : start reading 23/3/2021 1:52:02
                - File path : /Users/dso/Dev/PlantiT.Service.MilkoScanCSVParser/Files/CSV Sample/
                - File created : 03/15/2021 12:03:56
                - File modified : 03/15/2021 12:03:56
                - File body : (8/23/2020 10:48:23 AM,Молоко сире,MilkRaw,Normal,1над,,MSCMars_Kupyansk,91847756,3.33,,3.02,,12.08,,8.60,,-0.508,,4.72,)
           - New row added to table tbl_MS_MilkoScanData : id = 52
           - New row added to table tbl_MS_MilkoScanDataSample : id = 8
           - File archived : path = /Users/dso/Dev/PlantiT.Service.MilkoScanCSVParser/Files/CSV Sample/Archive/Export test milk_archive_20210323_015202.csv
      - (MilcoskanData_trash.csv) file observed : start reading 23/3/2021 1:52:28
                - File path : /Users/dso/Dev/PlantiT.Service.MilkoScanCSVParser/Files/CSV Sample/
                - File created : 03/23/2021 01:52:27
                - File modified : 03/23/2021 01:52:27
                - File body : ()
23/3/2021 1:52:31 - ERROR - Insert to DB : Attempting to cast a DBNull to a non nullable type! Note that out/return parameters will not have updated values until the data stream completes (after the 'foreach' for Query(..., buffered: false), or after the GridReader has been disposed for QueryMultiple)
           - File has wrong structure : will be moved to trash folder
           - File moved to trash folder : path = /Users/dso/Dev/PlantiT.Service.MilkoScanCSVParser/Files/CSV Sample/Trash/MilcoskanData_trash_trash_20210323_015231.csv
      - (MilcoskanData_trash.csv) file observed : start reading 23/3/2021 1:53:11
                - File path : /Users/dso/Dev/PlantiT.Service.MilkoScanCSVParser/Files/CSV Sample/
                - File created : 03/17/2021 13:50:43
                - File modified : 03/17/2021 13:50:43
                - File body : (3/16/2021 10:48:23 AMMilkRaw,Normal,1над,,MSCMars_Kupyansk,91847756,3.33,,3.02,,12.08,,8.60,,-0.508,,9.99,)
           - New row added to table tbl_MS_MilkoScanData : id = 54
           - File has wrong structure : will be moved to trash folder
           - File moved to trash folder : path = /Users/dso/Dev/PlantiT.Service.MilkoScanCSVParser/Files/CSV Sample/Trash/MilcoskanData_trash_trash_20210323_015311.csv
23/3/2021 1:54:38 - Service : started by dso with interval - 5000ms
      - (Export test milk.csv) file observed : start reading 23/3/2021 1:54:38
                - File path : /Users/dso/Dev/PlantiT.Service.MilkoScanCSVParser/Files/CSV Sample/
                - File created : 03/15/2021 12:03:56
                - File modified : 03/15/2021 12:03:56
                - File body : (8/23/2020 10:48:23 AM,Молоко сире,MilkRaw,Normal,1над,,MSCMars_Kupyansk,91847756,3.33,,3.02,,12.08,,8.60,,-0.508,,4.72,)
           - New row added to table tbl_MS_MilkoScanData : id = 55
           - New row added to table tbl_MS_MilkoScanDataSample : id = 9
           - File archived : path = /Users/dso/Dev/PlantiT.Service.MilkoScanCSVParser/Files/CSV Sample/Archive/Export test milk_archive_20210323_015441.csv
      - (MilcoskanData.csv) file observed : start reading 23/3/2021 1:54:46
                - File path : /Users/dso/Dev/PlantiT.Service.MilkoScanCSVParser/Files/CSV Sample/
                - File created : 03/16/2021 21:04:30
                - File modified : 03/16/2021 21:04:30
                - File body : (3/16/2021 10:48:23 AM,Молоко test,MilkRaw,Normal,1над,,MSCMars_Kupyansk,91847756,3.33,,3.02,,12.08,,8.60,,-0.508,,9.99,)
           - New row added to table tbl_MS_MilkoScanData : id = 56
           - New row added to table tbl_MS_MilkoScanDataSample : id = 10
           - File archived : path = /Users/dso/Dev/PlantiT.Service.MilkoScanCSVParser/Files/CSV Sample/Archive/MilcoskanData_archive_20210323_015446.csv
      - (MilcoskanData_trash.csv) file observed : start reading 23/3/2021 1:54:52
                - File path : /Users/dso/Dev/PlantiT.Service.MilkoScanCSVParser/Files/CSV Sample/
                - File created : 03/17/2021 13:50:43
                - File modified : 03/17/2021 13:50:43
                - File body : (3/16/2021 10:48:23 AMMilkRaw,Normal,1над,,MSCMars_Kupyansk,91847756,3.33,,3.02,,12.08,,8.60,,-0.508,,9.99,)
           - New row added to table tbl_MS_MilkoScanData : id = 57
           - File has wrong structure : will be moved to trash folder
           - File moved to trash folder : path = /Users/dso/Dev/PlantiT.Service.MilkoScanCSVParser/Files/CSV Sample/Trash/MilcoskanData_trash_trash_20210323_015452.csv
      - (Export test milk.csv) file observed : start reading 23/3/2021 1:55:13
                - File path : /Users/dso/Dev/PlantiT.Service.MilkoScanCSVParser/Files/CSV Sample/
                - File created : 03/23/2021 01:55:12
                - File modified : 03/23/2021 01:55:12
                - File body : ()
23/3/2021 1:55:16 - ERROR - Insert to DB : Attempting to cast a DBNull to a non nullable type! Note that out/return parameters will not have updated values until the data stream completes (after the 'foreach' for Query(..., buffered: false), or after the GridReader has been disposed for QueryMultiple)
           - File has wrong structure : will be moved to trash folder
           - File moved to trash folder : path = /Users/dso/Dev/PlantiT.Service.MilkoScanCSVParser/Files/CSV Sample/Trash/Export test milk_trash_20210323_015516.csv
      - (MilcoskanData.csv) file observed : start reading 23/3/2021 1:55:21
                - File path : /Users/dso/Dev/PlantiT.Service.MilkoScanCSVParser/Files/CSV Sample/
                - File created : 03/16/2021 21:04:30
                - File modified : 03/16/2021 21:04:30
                - File body : (3/16/2021 10:48:23 AM,Молоко test,MilkRaw,Normal,1над,,MSCMars_Kupyansk,91847756,3.33,,3.02,,12.08,,8.60,,-0.508,,9.99,)
           - New row added to table tbl_MS_MilkoScanData : id = 59
           - New row added to table tbl_MS_MilkoScanDataSample : id = 11
           - File archived : path = /Users/dso/Dev/PlantiT.Service.MilkoScanCSVParser/Files/CSV Sample/Archive/MilcoskanData_archive_20210323_015521.csv
      - (MilcoskanData_trash.csv) file observed : start reading 23/3/2021 1:55:27
                - File path : /Users/dso/Dev/PlantiT.Service.MilkoScanCSVParser/Files/CSV Sample/
                - File created : 03/17/2021 13:50:43
                - File modified : 03/17/2021 13:50:43
                - File body : (3/16/2021 10:48:23 AMMilkRaw,Normal,1над,,MSCMars_Kupyansk,91847756,3.33,,3.02,,12.08,,8.60,,-0.508,,9.99,)
           - New row added to table tbl_MS_MilkoScanData : id = 60
           - File has wrong structure : will be moved to trash folder
           - File moved to trash folder : path = /Users/dso/Dev/PlantiT.Service.MilkoScanCSVParser/Files/CSV Sample/Trash/MilcoskanData_trash_trash_20210323_015527.csv
      - (Export test milk.csv) file observed : start reading 23/3/2021 1:57:57
                - File path : /Users/dso/Dev/PlantiT.Service.MilkoScanCSVParser/Files/CSV Sample/
                - File created : 03/23/2021 01:57:57
                - File modified : 03/23/2021 01:57:57
                - File body : ()
23/3/2021 1:58:01 - ERROR - Insert to DB : Attempting to cast a DBNull to a non nullable type! Note that out/return parameters will not have updated values until the data stream completes (after the 'foreach' for Query(..., buffered: false), or after the GridReader has been disposed for QueryMultiple)
           - File has wrong structure : will be moved to trash folder
           - File moved to trash folder : path = /Users/dso/Dev/PlantiT.Service.MilkoScanCSVParser/Files/CSV Sample/Trash/Export test milk_trash_20210323_015801.csv
      - (MilcoskanData.csv) file observed : start reading 23/3/2021 1:58:15
                - File path : /Users/dso/Dev/PlantiT.Service.MilkoScanCSVParser/Files/CSV Sample/
                - File created : 03/16/2021 21:04:30
                - File modified : 03/16/2021 21:04:30
                - File body : (3/16/2021 10:48:23 AM,Молоко test,MilkRaw,Normal,1над,,MSCMars_Kupyansk,91847756,3.33,,3.02,,12.08,,8.60,,-0.508,,9.99,)
           - New row added to table tbl_MS_MilkoScanData : id = 62
           - New row added to table tbl_MS_MilkoScanDataSample : id = 12
           - File archived : path = /Users/dso/Dev/PlantiT.Service.MilkoScanCSVParser/Files/CSV Sample/Archive/MilcoskanData_archive_20210323_015815.csv
      - (MilcoskanData_trash.csv) file observed : start reading 23/3/2021 1:58:24
                - File path : /Users/dso/Dev/PlantiT.Service.MilkoScanCSVParser/Files/CSV Sample/
                - File created : 03/17/2021 13:50:43
                - File modified : 03/17/2021 13:50:43
                - File body : (3/16/2021 10:48:23 AMMilkRaw,Normal,1над,,MSCMars_Kupyansk,91847756,3.33,,3.02,,12.08,,8.60,,-0.508,,9.99,)
           - New row added to table tbl_MS_MilkoScanData : id = 63
           - File has wrong structure : will be moved to trash folder
           - File moved to trash folder : path = /Users/dso/Dev/PlantiT.Service.MilkoScanCSVParser/Files/CSV Sample/Trash/MilcoskanData_trash_trash_20210323_015824.csv
      - (Export test milk.csv) file observed : start reading 23/3/2021 1:59:32
                - File path : /Users/dso/Dev/PlantiT.Service.MilkoScanCSVParser/Files/CSV Sample/
                - File created : 03/23/2021 01:59:32
                - File modified : 03/23/2021 01:59:32
                - File body : ()
23/3/2021 1:59:35 - ERROR - Insert to DB : Attempting to cast a DBNull to a non nullable type! Note that out/return parameters will not have updated values until the data stream completes (after the 'foreach' for Query(..., buffered: false), or after the GridReader has been disposed for QueryMultiple)
           - File has wrong structure : will be moved to trash folder
           - File moved to trash folder : path = /Users/dso/Dev/PlantiT.Service.MilkoScanCSVParser/Files/CSV Sample/Trash/Export test milk_trash_20210323_015935.csv
      - (MilcoskanData.csv) file observed : start reading 23/3/2021 1:59:45
                - File path : /Users/dso/Dev/PlantiT.Service.MilkoScanCSVParser/Files/CSV Sample/
                - File created : 03/16/2021 21:04:30
                - File modified : 03/16/2021 21:04:30
                - File body : (3/16/2021 10:48:23 AM,Молоко test,MilkRaw,Normal,1над,,MSCMars_Kupyansk,91847756,3.33,,3.02,,12.08,,8.60,,-0.508,,9.99,)
           - New row added to table tbl_MS_MilkoScanData : id = 65
           - New row added to table tbl_MS_MilkoScanDataSample : id = 13
           - File archived : path = /Users/dso/Dev/PlantiT.Service.MilkoScanCSVParser/Files/CSV Sample/Archive/MilcoskanData_archive_20210323_015945.csv
      - (MilcoskanData_trash.csv) file observed : start reading 23/3/2021 1:59:54
                - File path : /Users/dso/Dev/PlantiT.Service.MilkoScanCSVParser/Files/CSV Sample/
                - File created : 03/17/2021 13:50:43
                - File modified : 03/17/2021 13:50:43
                - File body : (3/16/2021 10:48:23 AMMilkRaw,Normal,1над,,MSCMars_Kupyansk,91847756,3.33,,3.02,,12.08,,8.60,,-0.508,,9.99,)
           - New row added to table tbl_MS_MilkoScanData : id = 66
           - File has wrong structure : will be moved to trash folder
           - File moved to trash folder : path = /Users/dso/Dev/PlantiT.Service.MilkoScanCSVParser/Files/CSV Sample/Trash/MilcoskanData_trash_trash_20210323_015954.csv
      - (Export test milk.csv) file observed : start reading 23/3/2021 2:02:19
                - File path : /Users/dso/Dev/PlantiT.Service.MilkoScanCSVParser/Files/CSV Sample/
                - File created : 03/23/2021 02:02:19
                - File modified : 03/23/2021 02:02:19
                - File body : ()
23/3/2021 2:02:22 - ERROR - Insert to DB : Attempting to cast a DBNull to a non nullable type! Note that out/return parameters will not have updated values until the data stream completes (after the 'foreach' for Query(..., buffered: false), or after the GridReader has been disposed for QueryMultiple)
           - File has wrong structure : will be moved to trash folder
           - File moved to trash folder : path = /Users/dso/Dev/PlantiT.Service.MilkoScanCSVParser/Files/CSV Sample/Trash/Export test milk_trash_20210323_020222.csv
      - (MilcoskanData.csv) file observed : start reading 23/3/2021 2:02:34
                - File path : /Users/dso/Dev/PlantiT.Service.MilkoScanCSVParser/Files/CSV Sample/
                - File created : 03/16/2021 21:04:30
                - File modified : 03/16/2021 21:04:30
                - File body : (3/16/2021 10:48:23 AM,Молоко test,MilkRaw,Normal,1над,,MSCMars_Kupyansk,91847756,3.33,,3.02,,12.08,,8.60,,-0.508,,9.99,)
           - New row added to table tbl_MS_MilkoScanData : id = 68
           - New row added to table tbl_MS_MilkoScanDataSample : id = 14
           - File archived : path = /Users/dso/Dev/PlantiT.Service.MilkoScanCSVParser/Files/CSV Sample/Archive/MilcoskanData_archive_20210323_020234.csv
      - (MilcoskanData_trash.csv) file observed : start reading 23/3/2021 2:02:42
                - File path : /Users/dso/Dev/PlantiT.Service.MilkoScanCSVParser/Files/CSV Sample/
                - File created : 03/17/2021 13:50:43
                - File modified : 03/17/2021 13:50:43
                - File body : (3/16/2021 10:48:23 AMMilkRaw,Normal,1над,,MSCMars_Kupyansk,91847756,3.33,,3.02,,12.08,,8.60,,-0.508,,9.99,)
           - New row added to table tbl_MS_MilkoScanData : id = 69
           - File has wrong structure : will be moved to trash folder
           - File moved to trash folder : path = /Users/dso/Dev/PlantiT.Service.MilkoScanCSVParser/Files/CSV Sample/Trash/MilcoskanData_trash_trash_20210323_020242.csv
      - (Export test milk.csv) file observed : start reading 23/3/2021 2:03:32
                - File path : /Users/dso/Dev/PlantiT.Service.MilkoScanCSVParser/Files/CSV Sample/
                - File created : 03/23/2021 02:03:31
                - File modified : 03/23/2021 02:03:31
                - File body : ()
23/3/2021 2:03:34 - ERROR - Insert to DB : Attempting to cast a DBNull to a non nullable type! Note that out/return parameters will not have updated values until the data stream completes (after the 'foreach' for Query(..., buffered: false), or after the GridReader has been disposed for QueryMultiple)
           - File has wrong structure : will be moved to trash folder
           - File moved to trash folder : path = /Users/dso/Dev/PlantiT.Service.MilkoScanCSVParser/Files/CSV Sample/Trash/Export test milk_trash_20210323_020334.csv
      - (Export test milk.csv) file observed : start reading 23/3/2021 2:03:55
                - File path : /Users/dso/Dev/PlantiT.Service.MilkoScanCSVParser/Files/CSV Sample/
                - File created : 03/15/2021 12:03:56
                - File modified : 03/15/2021 12:03:56
                - File body : (8/23/2020 10:48:23 AM,Молоко сире,MilkRaw,Normal,1над,,MSCMars_Kupyansk,91847756,3.33,,3.02,,12.08,,8.60,,-0.508,,4.72,)
           - New row added to table tbl_MS_MilkoScanData : id = 71
           - New row added to table tbl_MS_MilkoScanDataSample : id = 15
           - File archived : path = /Users/dso/Dev/PlantiT.Service.MilkoScanCSVParser/Files/CSV Sample/Archive/Export test milk_archive_20210323_020355.csv
      - (Export test milk.csv) file observed : start reading 23/3/2021 2:04:12
                - File path : /Users/dso/Dev/PlantiT.Service.MilkoScanCSVParser/Files/CSV Sample/
                - File created : 03/23/2021 02:04:11
                - File modified : 03/23/2021 02:04:11
                - File body : ()
23/3/2021 2:04:15 - ERROR - Insert to DB : Attempting to cast a DBNull to a non nullable type! Note that out/return parameters will not have updated values until the data stream completes (after the 'foreach' for Query(..., buffered: false), or after the GridReader has been disposed for QueryMultiple)
           - File has wrong structure : will be moved to trash folder
           - File moved to trash folder : path = /Users/dso/Dev/PlantiT.Service.MilkoScanCSVParser/Files/CSV Sample/Trash/Export test milk_trash_20210323_020415.csv
      - (Export test milk.csv) file observed : start reading 23/3/2021 2:05:02
                - File path : /Users/dso/Dev/PlantiT.Service.MilkoScanCSVParser/Files/CSV Sample/
                - File created : 03/15/2021 12:03:56
                - File modified : 03/15/2021 12:03:56
                - File body : (8/23/2020 10:48:23 AM,Молоко сире,MilkRaw,Normal,1над,,MSCMars_Kupyansk,91847756,3.33,,3.02,,12.08,,8.60,,-0.508,,4.72,)
           - New row added to table tbl_MS_MilkoScanData : id = 73
           - New row added to table tbl_MS_MilkoScanDataSample : id = 16
           - File archived : path = /Users/dso/Dev/PlantiT.Service.MilkoScanCSVParser/Files/CSV Sample/Archive/Export test milk_archive_20210323_020502.csv
      - (Export test milk.csv) file observed : start reading 23/3/2021 2:05:19
                - File path : /Users/dso/Dev/PlantiT.Service.MilkoScanCSVParser/Files/CSV Sample/
                - File created : 03/15/2021 12:03:56
                - File modified : 03/15/2021 12:03:56
                - File body : (8/23/2020 10:48:23 AM,Молоко сире,MilkRaw,Normal,1над,,MSCMars_Kupyansk,91847756,3.33,,3.02,,12.08,,8.60,,-0.508,,4.72,)
           - New row added to table tbl_MS_MilkoScanData : id = 74
           - New row added to table tbl_MS_MilkoScanDataSample : id = 17
           - File archived : path = /Users/dso/Dev/PlantiT.Service.MilkoScanCSVParser/Files/CSV Sample/Archive/Export test milk_archive_20210323_020519.csv
      - (Export test milk.csv) file observed : start reading 23/3/2021 2:05:44
                - File path : /Users/dso/Dev/PlantiT.Service.MilkoScanCSVParser/Files/CSV Sample/
                - File created : 03/15/2021 12:03:56
                - File modified : 03/15/2021 12:03:56
                - File body : (8/23/2020 10:48:23 AM,Молоко сире,MilkRaw,Normal,1над,,MSCMars_Kupyansk,91847756,3.33,,3.02,,12.08,,8.60,,-0.508,,4.72,)
           - New row added to table tbl_MS_MilkoScanData : id = 75
           - New row added to table tbl_MS_MilkoScanDataSample : id = 18
           - File archived : path = /Users/dso/Dev/PlantiT.Service.MilkoScanCSVParser/Files/CSV Sample/Archive/Export test milk_archive_20210323_020544.csv
      - (Export test milk.csv) file observed : start reading 23/3/2021 2:06:35
                - File path : /Users/dso/Dev/PlantiT.Service.MilkoScanCSVParser/Files/CSV Sample/
                - File created : 03/15/2021 12:03:56
                - File modified : 03/15/2021 12:03:56
                - File body : (8/23/2020 10:48:23 AM,Молоко сире,MilkRaw,Normal,1над,,MSCMars_Kupyansk,91847756,3.33,,3.02,,12.08,,8.60,,-0.508,,4.72,)
           - New row added to table tbl_MS_MilkoScanData : id = 76
           - New row added to table tbl_MS_MilkoScanDataSample : id = 19
           - File archived : path = /Users/dso/Dev/PlantiT.Service.MilkoScanCSVParser/Files/CSV Sample/Archive/Export test milk_archive_20210323_020635.csv
      - (MilcoskanData.csv) file observed : start reading 23/3/2021 2:06:45
                - File path : /Users/dso/Dev/PlantiT.Service.MilkoScanCSVParser/Files/CSV Sample/
                - File created : 03/16/2021 21:04:30
                - File modified : 03/16/2021 21:04:30
                - File body : (3/16/2021 10:48:23 AM,Молоко test,MilkRaw,Normal,1над,,MSCMars_Kupyansk,91847756,3.33,,3.02,,12.08,,8.60,,-0.508,,9.99,)
           - New row added to table tbl_MS_MilkoScanData : id = 77
           - New row added to table tbl_MS_MilkoScanDataSample : id = 20
           - File archived : path = /Users/dso/Dev/PlantiT.Service.MilkoScanCSVParser/Files/CSV Sample/Archive/MilcoskanData_archive_20210323_020645.csv
      - (MilcoskanData_trash.csv) file observed : start reading 23/3/2021 2:06:56
                - File path : /Users/dso/Dev/PlantiT.Service.MilkoScanCSVParser/Files/CSV Sample/
                - File created : 03/17/2021 13:50:43
                - File modified : 03/17/2021 13:50:43
                - File body : (3/16/2021 10:48:23 AMMilkRaw,Normal,1над,,MSCMars_Kupyansk,91847756,3.33,,3.02,,12.08,,8.60,,-0.508,,9.99,)
           - New row added to table tbl_MS_MilkoScanData : id = 78
           - File has wrong structure : will be moved to trash folder
           - File moved to trash folder : path = /Users/dso/Dev/PlantiT.Service.MilkoScanCSVParser/Files/CSV Sample/Trash/MilcoskanData_trash_trash_20210323_020656.csv
23/3/2021 2:07:44 - Service : started by dso with interval - 10000ms
      - (Export test milk.csv) file observed : start reading 23/3/2021 2:08:36
                - File path : /Users/dso/Dev/PlantiT.Service.MilkoScanCSVParser/Files/CSV Sample/
                - File created : 03/15/2021 12:03:56
                - File modified : 03/15/2021 12:03:56
                - File body : (8/23/2020 10:48:23 AM,Молоко сире,MilkRaw,Normal,1над,,MSCMars_Kupyansk,91847756,3.33,,3.02,,12.08,,8.60,,-0.508,,4.72,)
           - New row added to table tbl_MS_MilkoScanData : id = 79
           - New row added to table tbl_MS_MilkoScanDataSample : id = 21
           - File archived : path = /Users/dso/Dev/PlantiT.Service.MilkoScanCSVParser/Files/CSV Sample/Archive/Export test milk_archive_20210323_020836.csv
      - (MilcoskanData.csv) file observed : start reading 23/3/2021 2:08:46
                - File path : /Users/dso/Dev/PlantiT.Service.MilkoScanCSVParser/Files/CSV Sample/
                - File created : 03/16/2021 21:04:30
                - File modified : 03/16/2021 21:04:30
                - File body : (3/16/2021 10:48:23 AM,Молоко test,MilkRaw,Normal,1над,,MSCMars_Kupyansk,91847756,3.33,,3.02,,12.08,,8.60,,-0.508,,9.99,)
           - New row added to table tbl_MS_MilkoScanData : id = 80
           - New row added to table tbl_MS_MilkoScanDataSample : id = 22
           - File archived : path = /Users/dso/Dev/PlantiT.Service.MilkoScanCSVParser/Files/CSV Sample/Archive/MilcoskanData_archive_20210323_020846.csv
      - (MilcoskanData_trash.csv) file observed : start reading 23/3/2021 2:08:57
                - File path : /Users/dso/Dev/PlantiT.Service.MilkoScanCSVParser/Files/CSV Sample/
                - File created : 03/17/2021 13:50:43
                - File modified : 03/17/2021 13:50:43
                - File body : (3/16/2021 10:48:23 AMMilkRaw,Normal,1над,,MSCMars_Kupyansk,91847756,3.33,,3.02,,12.08,,8.60,,-0.508,,9.99,)
           - New row added to table tbl_MS_MilkoScanData : id = 81
           - File has wrong structure : will be moved to trash folder
           - File moved to trash folder : path = /Users/dso/Dev/PlantiT.Service.MilkoScanCSVParser/Files/CSV Sample/Trash/MilcoskanData_trash_trash_20210323_020857.csv
23/3/2021 2:09:55 - Service : started by dso with interval - 10000ms
      - (Export test milk.csv) file observed : start reading 23/3/2021 2:10:13
                - File path : /Users/dso/Dev/PlantiT.Service.MilkoScanCSVParser/Files/CSV Sample/
                - File created : 03/15/2021 12:03:56
                - File modified : 03/15/2021 12:03:56
                - File body : (8/23/2020 10:48:23 AM,Молоко сире,MilkRaw,Normal,1над,,MSCMars_Kupyansk,91847756,3.33,,3.02,,12.08,,8.60,,-0.508,,4.72,)
           - New row added to table tbl_MS_MilkoScanData : id = 82
           - New row added to table tbl_MS_MilkoScanDataSample : id = 1
           - File archived : path = /Users/dso/Dev/PlantiT.Service.MilkoScanCSVParser/Files/CSV Sample/Archive/Export test milk_archive_20210323_021013.csv
      - (MilcoskanData.csv) file observed : start reading 23/3/2021 2:10:23
                - File path : /Users/dso/Dev/PlantiT.Service.MilkoScanCSVParser/Files/CSV Sample/
                - File created : 03/16/2021 21:04:30
                - File modified : 03/16/2021 21:04:30
                - File body : (3/16/2021 10:48:23 AM,Молоко test,MilkRaw,Normal,1над,,MSCMars_Kupyansk,91847756,3.33,,3.02,,12.08,,8.60,,-0.508,,9.99,)
           - New row added to table tbl_MS_MilkoScanData : id = 83
           - New row added to table tbl_MS_MilkoScanDataSample : id = 2
           - File archived : path = /Users/dso/Dev/PlantiT.Service.MilkoScanCSVParser/Files/CSV Sample/Archive/MilcoskanData_archive_20210323_021024.csv
      - (MilcoskanData_trash.csv) file observed : start reading 23/3/2021 2:10:35
                - File path : /Users/dso/Dev/PlantiT.Service.MilkoScanCSVParser/Files/CSV Sample/
                - File created : 03/17/2021 13:50:43
                - File modified : 03/17/2021 13:50:43
                - File body : (3/16/2021 10:48:23 AMMilkRaw,Normal,1над,,MSCMars_Kupyansk,91847756,3.33,,3.02,,12.08,,8.60,,-0.508,,9.99,)
           - New row added to table tbl_MS_MilkoScanData : id = 84
           - File has wrong structure : will be moved to trash folder
           - File moved to trash folder : path = /Users/dso/Dev/PlantiT.Service.MilkoScanCSVParser/Files/CSV Sample/Trash/MilcoskanData_trash_trash_20210323_021035.csv
      - (Export test milk.csv) file observed : start reading 23/3/2021 2:11:03
                - File path : /Users/dso/Dev/PlantiT.Service.MilkoScanCSVParser/Files/CSV Sample/
                - File created : 03/23/2021 02:11:03
                - File modified : 03/23/2021 02:11:03
                - File body : ()
23/3/2021 2:11:07 - ERROR - Insert to DB : Attempting to cast a DBNull to a non nullable type! Note that out/return parameters will not have updated values until the data stream completes (after the 'foreach' for Query(..., buffered: false), or after the GridReader has been disposed for QueryMultiple)
           - File has wrong structure : will be moved to trash folder
           - File moved to trash folder : path = /Users/dso/Dev/PlantiT.Service.MilkoScanCSVParser/Files/CSV Sample/Trash/Export test milk_trash_20210323_021107.csv
      - (MilcoskanData.csv) file observed : start reading 23/3/2021 2:11:17
                - File path : /Users/dso/Dev/PlantiT.Service.MilkoScanCSVParser/Files/CSV Sample/
                - File created : 03/16/2021 21:04:30
                - File modified : 03/16/2021 21:04:30
                - File body : (3/16/2021 10:48:23 AM,Молоко test,MilkRaw,Normal,1над,,MSCMars_Kupyansk,91847756,3.33,,3.02,,12.08,,8.60,,-0.508,,9.99,)
           - New row added to table tbl_MS_MilkoScanData : id = 86
           - New row added to table tbl_MS_MilkoScanDataSample : id = 3
           - File archived : path = /Users/dso/Dev/PlantiT.Service.MilkoScanCSVParser/Files/CSV Sample/Archive/MilcoskanData_archive_20210323_021117.csv
      - (MilcoskanData_mod1.csv) file observed : start reading 23/3/2021 2:11:27
                - File path : /Users/dso/Dev/PlantiT.Service.MilkoScanCSVParser/Files/CSV Sample/
                - File created : 03/16/2021 21:04:30
                - File modified : 03/16/2021 21:04:30
                - File body : (3/16/2021 10:48:23 AM,Молоко test,MilkRaw,Normal,1над,,MSCMars_Kupyansk,91847756,3.33,,3.02,,12.08,,8.60,,-0.508,,9.99,)
           - New row added to table tbl_MS_MilkoScanData : id = 87
           - New row added to table tbl_MS_MilkoScanDataSample : id = 4
           - File archived : path = /Users/dso/Dev/PlantiT.Service.MilkoScanCSVParser/Files/CSV Sample/Archive/MilcoskanData_mod1_archive_20210323_021127.csv
      - (MilcoskanData_trash.csv) file observed : start reading 23/3/2021 2:11:37
                - File path : /Users/dso/Dev/PlantiT.Service.MilkoScanCSVParser/Files/CSV Sample/
                - File created : 03/17/2021 13:50:43
                - File modified : 03/17/2021 13:50:43
                - File body : (3/16/2021 10:48:23 AMMilkRaw,Normal,1над,,MSCMars_Kupyansk,91847756,3.33,,3.02,,12.08,,8.60,,-0.508,,9.99,)
           - New row added to table tbl_MS_MilkoScanData : id = 88
           - File has wrong structure : will be moved to trash folder
           - File moved to trash folder : path = /Users/dso/Dev/PlantiT.Service.MilkoScanCSVParser/Files/CSV Sample/Trash/MilcoskanData_trash_trash_20210323_021137.csv
      - (MilcoskanDataMod2.csv) file observed : start reading 23/3/2021 2:11:57
                - File path : /Users/dso/Dev/PlantiT.Service.MilkoScanCSVParser/Files/CSV Sample/
                - File created : 03/23/2021 02:11:52
                - File modified : 03/23/2021 02:11:52
                - File body : (3/16/2021 10:41:23 AM,Молоко test,MilkRaw,Normal,1над,,MSCMars_Kupyansk,91847756,3.33,,3.02,,12.08,,8.60,,-0.508,,9.99,)
           - New row added to table tbl_MS_MilkoScanData : id = 89
           - New row added to table tbl_MS_MilkoScanDataSample : id = 5
           - File archived : path = /Users/dso/Dev/PlantiT.Service.MilkoScanCSVParser/Files/CSV Sample/Archive/MilcoskanDataMod2_archive_20210323_021158.csv
      - (MilcoskanDataMod2.csv) file observed : start reading 23/3/2021 2:12:10
                - File path : /Users/dso/Dev/PlantiT.Service.MilkoScanCSVParser/Files/CSV Sample/
                - File created : 03/23/2021 02:11:52
                - File modified : 03/23/2021 02:11:52
                - File body : (3/16/2021 10:41:23 AM,Молоко test,MilkRaw,Normal,1над,,MSCMars_Kupyansk,91847756,3.33,,3.02,,12.08,,8.60,,-0.508,,9.99,)
           - New row added to table tbl_MS_MilkoScanData : id = 90
           - New row added to table tbl_MS_MilkoScanDataSample : id = 6
           - File archived : path = /Users/dso/Dev/PlantiT.Service.MilkoScanCSVParser/Files/CSV Sample/Archive/MilcoskanDataMod2_archive_20210323_021210.csv
      - (MilcoskanData.csv) file observed : start reading 23/3/2021 2:16:38
                - File path : /Users/dso/Dev/PlantiT.Service.MilkoScanCSVParser/Files/CSV Sample/
                - File created : 03/16/2021 21:04:30
                - File modified : 03/16/2021 21:04:30
                - File body : (3/16/2021 10:48:23 AM,Молоко test,MilkRaw,Normal,1над,,MSCMars_Kupyansk,91847756,3.33,,3.02,,12.08,,8.60,,-0.508,,9.99,)
           - New row added to table tbl_MS_MilkoScanData : id = 91
           - New row added to table tbl_MS_MilkoScanDataSample : id = 7
           - File archived : path = /Users/dso/Dev/PlantiT.Service.MilkoScanCSVParser/Files/CSV Sample/Archive/MilcoskanData_archive_20210323_021638.csv
      - (MilcoskanDataMod2.csv) file observed : start reading 23/3/2021 2:19:30
                - File path : /Users/dso/Dev/PlantiT.Service.MilkoScanCSVParser/Files/CSV Sample/
                - File created : 03/23/2021 02:11:52
                - File modified : 03/23/2021 02:11:52
                - File body : (3/16/2021 10:41:23 AM,Молоко test,MilkRaw,Normal,1над,,MSCMars_Kupyansk,91847756,3.33,,3.02,,12.08,,8.60,,-0.508,,9.99,)
           - New row added to table tbl_MS_MilkoScanData : id = 92
           - New row added to table tbl_MS_MilkoScanDataSample : id = 8
           - File archived : path = /Users/dso/Dev/PlantiT.Service.MilkoScanCSVParser/Files/CSV Sample/Archive/MilcoskanDataMod2_archive_20210323_021930.csv
      - (Export test milk.csv) file observed : start reading 23/3/2021 2:21:10
                - File path : /Users/dso/Dev/PlantiT.Service.MilkoScanCSVParser/Files/CSV Sample/
                - File created : 03/15/2021 12:03:56
                - File modified : 03/15/2021 12:03:56
                - File body : (8/23/2020 10:48:23 AM,Молоко сире,MilkRaw,Normal,1над,,MSCMars_Kupyansk,91847756,3.33,,3.02,,12.08,,8.60,,-0.508,,4.72,)
           - New row added to table tbl_MS_MilkoScanData : id = 93
           - File is a duplicate : will be moved to duplicate folder
           - File moved to duplicate folder : path = /Users/dso/Dev/PlantiT.Service.MilkoScanCSVParser/Files/CSV Sample/Duplicate/Export test milk_duplicate_20210323_022110.csv
      - (MilcoskanDataMod2.csv) file observed : start reading 23/3/2021 2:21:34
                - File path : /Users/dso/Dev/PlantiT.Service.MilkoScanCSVParser/Files/CSV Sample/
                - File created : 03/23/2021 02:11:52
                - File modified : 03/23/2021 02:11:52
                - File body : (3/16/2021 10:41:23 AM,Молоко test,MilkRaw,Normal,1над,,MSCMars_Kupyansk,91847756,3.33,,3.02,,12.08,,8.60,,-0.508,,9.99,)
           - New row added to table tbl_MS_MilkoScanData : id = 94
           - File is a duplicate : will be moved to duplicate folder
           - File moved to duplicate folder : path = /Users/dso/Dev/PlantiT.Service.MilkoScanCSVParser/Files/CSV Sample/Duplicate/MilcoskanDataMod2_duplicate_20210323_022134.csv
      - (MilcoskanDataMod2.csv) file observed : start reading 23/3/2021 2:31:06
                - File path : /Users/dso/Dev/PlantiT.Service.MilkoScanCSVParser/Files/CSV Sample/
                - File created : 03/23/2021 02:11:52
                - File modified : 03/23/2021 02:11:52
                - File body : (3/16/2021 10:41:23 AM,Молоко test,MilkRaw,Normal,1над,,MSCMars_Kupyansk,91847756,3.33,,3.02,,12.08,,8.60,,-0.508,,9.99,)
           - New row added to table tbl_MS_MilkoScanData : id = 95
           - New row added to table tbl_MS_MilkoScanDataSample : id = 9
           - File archived : path = /Users/dso/Dev/PlantiT.Service.MilkoScanCSVParser/Files/CSV Sample/Archive/MilcoskanDataMod2_archive_20210323_023106.csv
      - (MilcoskanDataMod2.csv) file observed : start reading 23/3/2021 2:33:30
                - File path : /Users/dso/Dev/PlantiT.Service.MilkoScanCSVParser/Files/CSV Sample/
                - File created : 03/23/2021 02:31:21
                - File modified : 03/23/2021 02:31:21
                - File body : (3/16/2021 10:41:23 AM,Молоко test,MilkRaw,Normal,1над,,MSCMars_Kupyansk,91847756,3.33,,3.02,,12.08,,8.60,,-0.508,,9.99,)
           - New row added to table tbl_MS_MilkoScanData : id = 96
           - New row added to table tbl_MS_MilkoScanDataSample : id = 10
           - File archived : path = /Users/dso/Dev/PlantiT.Service.MilkoScanCSVParser/Files/CSV Sample/Archive/MilcoskanDataMod2_archive_20210323_023330.csv
      - (MilcoskanDataMod2.csv) file observed : start reading 23/3/2021 2:33:48
                - File path : /Users/dso/Dev/PlantiT.Service.MilkoScanCSVParser/Files/CSV Sample/
                - File created : 03/23/2021 02:11:52
                - File modified : 03/23/2021 02:11:52
                - File body : (3/16/2021 10:41:23 AM,Молоко test,MilkRaw,Normal,1над,,MSCMars_Kupyansk,91847756,3.33,,3.02,,12.08,,8.60,,-0.508,,9.99,)
           - New row added to table tbl_MS_MilkoScanData : id = 97
           - File is a duplicate : will be moved to duplicate folder
           - File moved to duplicate folder : path = /Users/dso/Dev/PlantiT.Service.MilkoScanCSVParser/Files/CSV Sample/Duplicate/MilcoskanDataMod2_duplicate_20210323_023348.csv
      - (MilcoskanData_trash.csv) file observed : start reading 23/3/2021 2:34:03
                - File path : /Users/dso/Dev/PlantiT.Service.MilkoScanCSVParser/Files/CSV Sample/
                - File created : 03/23/2021 02:34:03
                - File modified : 03/23/2021 02:34:03
                - File body : ()
23/3/2021 2:34:06 - ERROR - Insert to DB : Attempting to cast a DBNull to a non nullable type! Note that out/return parameters will not have updated values until the data stream completes (after the 'foreach' for Query(..., buffered: false), or after the GridReader has been disposed for QueryMultiple)
           - File has wrong structure : will be moved to trash folder
           - File moved to trash folder : path = /Users/dso/Dev/PlantiT.Service.MilkoScanCSVParser/Files/CSV Sample/Trash/MilcoskanData_trash_trash_20210323_023406.csv
      - (Export test milk.csv) file observed : start reading 23/3/2021 2:34:32
                - File path : /Users/dso/Dev/PlantiT.Service.MilkoScanCSVParser/Files/CSV Sample/
                - File created : 03/23/2021 02:34:32
                - File modified : 03/23/2021 02:34:32
                - File body : ()
23/3/2021 2:34:35 - ERROR - Insert to DB : Attempting to cast a DBNull to a non nullable type! Note that out/return parameters will not have updated values until the data stream completes (after the 'foreach' for Query(..., buffered: false), or after the GridReader has been disposed for QueryMultiple)
           - File has wrong structure : will be moved to trash folder
           - File moved to trash folder : path = /Users/dso/Dev/PlantiT.Service.MilkoScanCSVParser/Files/CSV Sample/Trash/Export test milk_trash_20210323_023435.csv
      - (MilcoskanDataMod2.csv) file observed : start reading 23/3/2021 2:34:45
                - File path : /Users/dso/Dev/PlantiT.Service.MilkoScanCSVParser/Files/CSV Sample/
                - File created : 03/23/2021 02:11:52
                - File modified : 03/23/2021 02:11:52
                - File body : (3/16/2021 10:41:23 AM,Молоко test,MilkRaw,Normal,1над,,MSCMars_Kupyansk,91847756,3.33,,3.02,,12.08,,8.60,,-0.508,,9.99,)
           - New row added to table tbl_MS_MilkoScanData : id = 100
           - File is a duplicate : will be moved to duplicate folder
           - File moved to duplicate folder : path = /Users/dso/Dev/PlantiT.Service.MilkoScanCSVParser/Files/CSV Sample/Duplicate/MilcoskanDataMod2_duplicate_20210323_023445.csv
      - (MilcoskanData.csv) file observed : start reading 23/3/2021 2:34:55
                - File path : /Users/dso/Dev/PlantiT.Service.MilkoScanCSVParser/Files/CSV Sample/
                - File created : 03/16/2021 21:04:30
                - File modified : 03/16/2021 21:04:30
                - File body : (3/16/2021 10:48:23 AM,Молоко test,MilkRaw,Normal,1над,,MSCMars_Kupyansk,91847756,3.33,,3.02,,12.08,,8.60,,-0.508,,9.99,)
           - New row added to table tbl_MS_MilkoScanData : id = 101
           - File is a duplicate : will be moved to duplicate folder
           - File moved to duplicate folder : path = /Users/dso/Dev/PlantiT.Service.MilkoScanCSVParser/Files/CSV Sample/Duplicate/MilcoskanData_duplicate_20210323_023455.csv
      - (MilcoskanData_trash.csv) file observed : start reading 23/3/2021 2:35:05
                - File path : /Users/dso/Dev/PlantiT.Service.MilkoScanCSVParser/Files/CSV Sample/
                - File created : 03/17/2021 13:50:43
                - File modified : 03/17/2021 13:50:43
                - File body : (3/16/2021 10:48:23 AMMilkRaw,Normal,1над,,MSCMars_Kupyansk,91847756,3.33,,3.02,,12.08,,8.60,,-0.508,,9.99,)
           - New row added to table tbl_MS_MilkoScanData : id = 102
           - File has wrong structure : will be moved to trash folder
           - File moved to trash folder : path = /Users/dso/Dev/PlantiT.Service.MilkoScanCSVParser/Files/CSV Sample/Trash/MilcoskanData_trash_trash_20210323_023505.csv
